-------------------------------------------------------------------------------
Test set: cz.semenko.word.aware.tests.KnowledgeTest
-------------------------------------------------------------------------------
Tests run: 1, Failures: 1, Errors: 0, Skipped: 0, Time elapsed: 0.057 sec <<< FAILURE!
testRemember(cz.semenko.word.aware.tests.KnowledgeTest)  Time elapsed: 0.009 sec  <<< FAILURE!
java.lang.AssertionError: Not yet implemented
	at org.junit.Assert.fail(Assert.java:88)
	at cz.semenko.word.aware.tests.KnowledgeTest.testRemember(KnowledgeTest.java:53)

