<?xml version="1.0" encoding="UTF-8"?>
<testsuite name="cz.semenko.word.aware.tests.KnowledgeTest" time="0.009" tests="1" errors="0" skipped="0" failures="1">
  <properties>
[...]
</properties>
  <testcase name="testRemember" classname="cz.semenko.word.aware.tests.KnowledgeTest" time="0.009">
    <failure message="Not yet implemented" type="java.lang.AssertionError">java.lang.AssertionError: Not yet implemented
	at org.junit.Assert.fail(Assert.java:88)
	at cz.semenko.word.aware.tests.KnowledgeTest.testRemember(KnowledgeTest.java:53)
</failure>
  </testcase>
</testsuite>